<?xml version="1.0" encoding="UTF-8"?>
<testsuite name="comp3111.webscraper.ControllerTestTask4" tests="4" skipped="0" failures="0" errors="0" timestamp="2018-11-13T12:49:30" hostname="ImC4ks-MacBook-Pro.local" time="1.354">
  <properties/>
  <testcase name="testCreation" classname="comp3111.webscraper.ControllerTestTask4" time="1.333"/>
  <testcase name="testGetListNull" classname="comp3111.webscraper.ControllerTestTask4" time="0.016"/>
  <testcase name="testGetList" classname="comp3111.webscraper.ControllerTestTask4" time="0.004"/>
  <testcase name="testActionNew" classname="comp3111.webscraper.ControllerTestTask4" time="0.001"/>
  <system-out><![CDATA[]]></system-out>
  <system-err><![CDATA[]]></system-err>
</testsuite>
