<?xml version="1.0" encoding="UTF-8"?>
<testsuite name="comp3111.webscraper.ControllerTestTask4" tests="3" skipped="0" failures="0" errors="0" timestamp="2018-11-13T08:47:08" hostname="ImC4ks-MacBook-Pro.local" time="1.324">
  <properties/>
  <testcase name="testCreation" classname="comp3111.webscraper.ControllerTestTask4" time="1.302"/>
  <testcase name="testGetListNull" classname="comp3111.webscraper.ControllerTestTask4" time="0.017"/>
  <testcase name="testGetList" classname="comp3111.webscraper.ControllerTestTask4" time="0.003"/>
  <system-out><![CDATA[]]></system-out>
  <system-err><![CDATA[]]></system-err>
</testsuite>
