<?xml version="1.0" encoding="UTF-8"?>
<testsuite name="comp3111.webscraper.ItemTest" tests="1" skipped="0" failures="0" errors="0" timestamp="2018-09-21T02:52:14" hostname="ImC4ks-MacBook-Pro.local" time="0.002">
  <properties/>
  <testcase name="testSetTitle" classname="comp3111.webscraper.ItemTest" time="0.002"/>
  <system-out><![CDATA[]]></system-out>
  <system-err><![CDATA[]]></system-err>
</testsuite>
