<?xml version="1.0" encoding="UTF-8"?>
<testsuite name="comp3111.webscraper.ItemTest" tests="5" skipped="0" failures="0" errors="0" timestamp="2018-11-13T09:52:27" hostname="ImC4ks-MacBook-Pro.local" time="0.035">
  <properties/>
  <testcase name="testCreation" classname="comp3111.webscraper.ItemTest" time="0.003"/>
  <testcase name="testSetDate" classname="comp3111.webscraper.ItemTest" time="0.029"/>
  <testcase name="testSetUrl" classname="comp3111.webscraper.ItemTest" time="0.001"/>
  <testcase name="testSetPrice" classname="comp3111.webscraper.ItemTest" time="0.001"/>
  <testcase name="testSetTitle" classname="comp3111.webscraper.ItemTest" time="0.001"/>
  <system-out><![CDATA[]]></system-out>
  <system-err><![CDATA[]]></system-err>
</testsuite>
