<?xml version="1.0" encoding="UTF-8"?>
<testsuite name="comp3111.webscraper.ControllerTestTask4" tests="3" skipped="0" failures="0" errors="0" timestamp="2018-11-13T09:52:27" hostname="ImC4ks-MacBook-Pro.local" time="1.38">
  <properties/>
  <testcase name="testCreation" classname="comp3111.webscraper.ControllerTestTask4" time="1.361"/>
  <testcase name="testGetListNull" classname="comp3111.webscraper.ControllerTestTask4" time="0.014"/>
  <testcase name="testGetList" classname="comp3111.webscraper.ControllerTestTask4" time="0.004"/>
  <system-out><![CDATA[]]></system-out>
  <system-err><![CDATA[]]></system-err>
</testsuite>
