<?xml version="1.0" encoding="UTF-8"?>
<testsuite name="comp3111.webscraper.ItemTest" tests="4" skipped="0" failures="0" errors="0" timestamp="2018-11-12T10:16:01" hostname="ImC4ks-MacBook-Pro.local" time="0.005">
  <properties/>
  <testcase name="testCreation" classname="comp3111.webscraper.ItemTest" time="0.0"/>
  <testcase name="testSetDate" classname="comp3111.webscraper.ItemTest" time="0.002"/>
  <testcase name="testSetPrice" classname="comp3111.webscraper.ItemTest" time="0.001"/>
  <testcase name="testSetTitle" classname="comp3111.webscraper.ItemTest" time="0.002"/>
  <system-out><![CDATA[]]></system-out>
  <system-err><![CDATA[]]></system-err>
</testsuite>
